2023-04-16 08:04:25 [INFO] <KERNEL> Starting common-lisp kernel
2023-04-16 08:04:25 [INFO] <KERNEL> Parsing connection file /home/jovyan/.local/share/jupyter/runtime/kernel-7b135b42-630e-40c6-a977-8d621cc937c6.json
2023-04-16 08:04:25 [INFO] <MAC> Starting message authentification
2023-04-16 08:04:25 [INFO] <MAC> Using hmac with sha256 digest for message signing.
2023-04-16 08:04:25 [INFO] <HB-CHANNEL> Starting channel on tcp://127.0.0.1:52753
2023-04-16 08:04:25 [INFO] <IOPUB-CHANNEL> Starting channel on tcp://127.0.0.1:44367
2023-04-16 08:04:25 [INFO] <SHELL-CHANNEL> Starting channel on tcp://127.0.0.1:44773
2023-04-16 08:04:25 [INFO] <STDIN-CHANNEL> Starting channel on tcp://127.0.0.1:50685
2023-04-16 08:04:25 [INFO] <CONTROL-CHANNEL> Starting channel on tcp://127.0.0.1:42593
2023-04-16 08:04:25 [INFO] <HISTORY> Starting history
2023-04-16 08:04:25 [INFO] <HB-CHANNEL> Starting thread
2023-04-16 08:04:25 [INFO] <KERNEL> Loading CLHS map
2023-04-16 08:08:11 [INFO] <KERNEL> Handling kernel_info_request message
2023-04-16 08:08:11 [INFO] <KERNEL> Handling kernel_info_request message
2023-04-16 08:08:11 [INFO] <KERNEL> Handling kernel_info_request message
2023-04-16 08:08:11 [INFO] <KERNEL> Handling kernel_info_request message
2023-04-16 08:08:11 [INFO] <KERNEL> Handling kernel_info_request message
2023-04-16 08:08:11 [INFO] <KERNEL> Handling kernel_info_request message
2023-04-16 08:08:11 [INFO] <KERNEL> Handling kernel_info_request message
2023-04-16 08:08:11 [INFO] <KERNEL> Handling debug_request/debugInfo message
2023-04-16 08:08:11 [INFO] <KERNEL> Handling execute_request message
2023-04-16 08:08:11 [INFO] <KERNEL> Handling debug_request/debugInfo message
2023-04-16 08:08:11 [INFO] <KERNEL> Handling debug_request/debugInfo message
2023-04-16 08:08:11 [INFO] <KERNEL> Handling debug_request/debugInfo message
2023-04-16 08:08:11 [INFO] <KERNEL> Handling debug_request/debugInfo message
2023-04-16 08:08:11 [INFO] <KERNEL> Handling debug_request/debugInfo message
2023-04-16 08:08:11 [INFO] <KERNEL> Handling debug_request/debugInfo message
2023-04-16 08:08:11 [INFO] <KERNEL> Handling execute_request message
2023-04-16 08:08:11 [INFO] <KERNEL> Handling kernel_info_request message
2023-04-16 08:08:11 [INFO] <KERNEL> Handling debug_request/debugInfo message
2023-04-16 08:08:11 [INFO] <KERNEL> Handling debug_request/debugInfo message
2023-04-16 08:08:20 [INFO] <KERNEL> Handling execute_request message
2023-04-16 08:08:29 [INFO] <KERNEL> Handling debug_request/debugInfo message
2023-04-16 08:08:29 [INFO] <KERNEL> Handling debug_request/debugInfo message
2023-04-16 08:08:29 [INFO] <KERNEL> Handling debug_request/debugInfo message
2023-04-16 08:08:29 [INFO] <KERNEL> Handling debug_request/debugInfo message
2023-04-16 08:09:02 [INFO] <KERNEL> Handling execute_request message
2023-04-16 08:09:11 [INFO] <KERNEL> Handling execute_request message
2023-04-16 08:09:47 [INFO] <KERNEL> Handling debug_request/debugInfo message
2023-04-16 08:09:47 [INFO] <KERNEL> Handling debug_request/debugInfo message
2023-04-16 08:09:47 [INFO] <KERNEL> Handling debug_request/debugInfo message
2023-04-16 08:09:47 [INFO] <KERNEL> Handling debug_request/debugInfo message
2023-04-16 08:09:49 [INFO] <KERNEL> Handling execute_request message
2023-04-16 08:10:05 [INFO] <KERNEL> Handling interrupt_request message
