2023-04-11 11:29:07 [INFO] <KERNEL> Starting common-lisp kernel
2023-04-11 11:29:07 [INFO] <KERNEL> Parsing connection file /home/jovyan/.local/share/jupyter/runtime/kernel-d803c85f-27bc-4700-a714-98e1aa6acaca.json
2023-04-11 11:29:07 [INFO] <MAC> Starting message authentification
2023-04-11 11:29:07 [INFO] <MAC> Using hmac with sha256 digest for message signing.
2023-04-11 11:29:07 [INFO] <HB-CHANNEL> Starting channel on tcp://127.0.0.1:35869
2023-04-11 11:29:07 [INFO] <IOPUB-CHANNEL> Starting channel on tcp://127.0.0.1:44035
2023-04-11 11:29:07 [INFO] <SHELL-CHANNEL> Starting channel on tcp://127.0.0.1:37277
2023-04-11 11:29:07 [INFO] <STDIN-CHANNEL> Starting channel on tcp://127.0.0.1:39883
2023-04-11 11:29:07 [INFO] <CONTROL-CHANNEL> Starting channel on tcp://127.0.0.1:35713
2023-04-11 11:29:07 [INFO] <HISTORY> Starting history
2023-04-11 11:29:07 [INFO] <HB-CHANNEL> Starting thread
2023-04-11 11:29:07 [INFO] <KERNEL> Loading CLHS map
2023-04-11 11:29:07 [INFO] <KERNEL> Handling kernel_info_request message
2023-04-11 11:29:07 [INFO] <KERNEL> Handling kernel_info_request message
2023-04-11 11:29:07 [INFO] <KERNEL> Handling kernel_info_request message
2023-04-11 11:29:07 [INFO] <KERNEL> Handling kernel_info_request message
2023-04-11 11:29:07 [INFO] <KERNEL> Handling kernel_info_request message
2023-04-11 11:29:07 [INFO] <KERNEL> Handling kernel_info_request message
2023-04-11 11:29:07 [INFO] <KERNEL> Handling kernel_info_request message
2023-04-11 11:29:07 [INFO] <KERNEL> Handling kernel_info_request message
2023-04-11 11:29:07 [INFO] <KERNEL> Handling kernel_info_request message
2023-04-11 11:29:07 [INFO] <KERNEL> Handling kernel_info_request message
2023-04-11 11:29:07 [INFO] <KERNEL> Handling debug_request/debugInfo message
2023-04-11 11:29:07 [INFO] <KERNEL> Handling debug_request/debugInfo message
2023-04-11 11:29:07 [INFO] <KERNEL> Handling debug_request/debugInfo message
2023-04-11 11:29:07 [INFO] <KERNEL> Handling debug_request/debugInfo message
2023-04-11 11:29:14 [INFO] <KERNEL> Handling debug_request/debugInfo message
2023-04-11 11:29:14 [INFO] <KERNEL> Handling debug_request/debugInfo message
2023-04-11 11:29:14 [INFO] <KERNEL> Handling debug_request/debugInfo message
2023-04-11 11:29:14 [INFO] <KERNEL> Handling debug_request/debugInfo message
2023-04-11 11:29:15 [INFO] <KERNEL> Handling debug_request/debugInfo message
2023-04-11 11:29:15 [INFO] <KERNEL> Handling debug_request/debugInfo message
2023-04-11 11:29:15 [INFO] <KERNEL> Handling debug_request/debugInfo message
2023-04-11 11:29:15 [INFO] <KERNEL> Handling debug_request/debugInfo message
2023-04-11 11:29:16 [INFO] <KERNEL> Handling debug_request/debugInfo message
2023-04-11 11:29:16 [INFO] <KERNEL> Handling debug_request/debugInfo message
2023-04-11 11:29:16 [INFO] <KERNEL> Handling debug_request/debugInfo message
2023-04-11 11:29:16 [INFO] <KERNEL> Handling debug_request/debugInfo message
2023-04-11 11:29:20 [INFO] <KERNEL> Handling execute_request message
2023-04-11 11:31:17 [INFO] <KERNEL> Handling execute_request message
2023-04-11 11:31:31 [INFO] <KERNEL> Handling debug_request/debugInfo message
2023-04-11 11:31:31 [INFO] <KERNEL> Handling debug_request/debugInfo message
2023-04-11 11:31:31 [INFO] <KERNEL> Handling debug_request/debugInfo message
2023-04-11 11:31:31 [INFO] <KERNEL> Handling debug_request/debugInfo message
2023-04-11 11:35:04 [INFO] <KERNEL> Handling debug_request/debugInfo message
2023-04-11 11:35:04 [INFO] <KERNEL> Handling debug_request/debugInfo message
2023-04-11 11:35:04 [INFO] <KERNEL> Handling debug_request/debugInfo message
2023-04-11 11:35:04 [INFO] <KERNEL> Handling debug_request/debugInfo message
2023-04-11 11:35:26 [INFO] <KERNEL> Handling interrupt_request message
2023-04-11 11:35:27 [INFO] <KERNEL> Handling shutdown_request message
2023-04-11 11:35:27 [INFO] <KERNEL> Shell thread exiting normally.
2023-04-11 11:35:27 [INFO] <KERNEL> Stopping common-lisp kernel
2023-04-11 11:35:27 [INFO] <HB-CHANNEL> Stopping thread
2023-04-11 11:35:27 [INFO] <HB-CHANNEL> Stopping channel
2023-04-11 11:35:27 [INFO] <IOPUB-CHANNEL> Stopping channel
2023-04-11 11:35:27 [INFO] <SHELL-CHANNEL> Stopping channel
2023-04-11 11:35:27 [INFO] <STDIN-CHANNEL> Stopping channel
2023-04-11 11:35:27 [INFO] <CONTROL-CHANNEL> Stopping channel
2023-04-11 11:35:27 [INFO] <MAC> Stopping message authentification
2023-04-11 11:35:27 [INFO] <HISTORY> Stopping history
