2023-04-11 10:33:27 [INFO] <KERNEL> Starting common-lisp kernel
2023-04-11 10:33:27 [INFO] <KERNEL> Parsing connection file /home/jovyan/.local/share/jupyter/runtime/kernel-9aca266c-4527-4b06-bc5d-049fce2453d2.json
2023-04-11 10:33:27 [INFO] <MAC> Starting message authentification
2023-04-11 10:33:27 [INFO] <MAC> Using hmac with sha256 digest for message signing.
2023-04-11 10:33:27 [INFO] <HB-CHANNEL> Starting channel on tcp://127.0.0.1:33411
2023-04-11 10:33:27 [INFO] <IOPUB-CHANNEL> Starting channel on tcp://127.0.0.1:59005
2023-04-11 10:33:27 [INFO] <SHELL-CHANNEL> Starting channel on tcp://127.0.0.1:33035
2023-04-11 10:33:27 [INFO] <STDIN-CHANNEL> Starting channel on tcp://127.0.0.1:49771
2023-04-11 10:33:27 [INFO] <CONTROL-CHANNEL> Starting channel on tcp://127.0.0.1:51733
2023-04-11 10:33:27 [INFO] <HISTORY> Starting history
2023-04-11 10:33:27 [INFO] <HB-CHANNEL> Starting thread
2023-04-11 10:33:27 [INFO] <KERNEL> Loading CLHS map
2023-04-11 10:33:27 [INFO] <KERNEL> Handling kernel_info_request message
2023-04-11 10:33:27 [INFO] <KERNEL> Handling kernel_info_request message
2023-04-11 10:33:27 [INFO] <KERNEL> Handling kernel_info_request message
2023-04-11 10:33:27 [INFO] <KERNEL> Handling kernel_info_request message
2023-04-11 10:33:27 [INFO] <KERNEL> Handling kernel_info_request message
2023-04-11 10:33:28 [INFO] <KERNEL> Handling kernel_info_request message
2023-04-11 10:33:28 [INFO] <KERNEL> Handling kernel_info_request message
2023-04-11 10:33:28 [INFO] <KERNEL> Handling debug_request/debugInfo message
2023-04-11 10:33:28 [INFO] <KERNEL> Handling kernel_info_request message
2023-04-11 10:33:28 [INFO] <KERNEL> Handling debug_request/debugInfo message
2023-04-11 10:33:28 [INFO] <KERNEL> Handling debug_request/debugInfo message
2023-04-11 10:33:28 [INFO] <KERNEL> Handling debug_request/debugInfo message
2023-04-11 10:33:32 [INFO] <KERNEL> Handling execute_request message
2023-04-11 10:33:52 [INFO] <KERNEL> Handling debug_request/debugInfo message
2023-04-11 10:33:52 [INFO] <KERNEL> Handling debug_request/debugInfo message
2023-04-11 10:33:52 [INFO] <KERNEL> Handling debug_request/debugInfo message
2023-04-11 10:33:52 [INFO] <KERNEL> Handling debug_request/debugInfo message
2023-04-11 10:34:05 [INFO] <KERNEL> Handling debug_request/debugInfo message
2023-04-11 10:34:05 [INFO] <KERNEL> Handling debug_request/debugInfo message
2023-04-11 10:34:05 [INFO] <KERNEL> Handling debug_request/debugInfo message
2023-04-11 10:34:05 [INFO] <KERNEL> Handling debug_request/debugInfo message
2023-04-11 10:34:10 [INFO] <KERNEL> Handling execute_request message
2023-04-11 10:34:26 [INFO] <KERNEL> Handling execute_request message
2023-04-11 10:35:28 [INFO] <KERNEL> Handling debug_request/debugInfo message
2023-04-11 10:35:28 [INFO] <KERNEL> Handling debug_request/debugInfo message
2023-04-11 10:35:28 [INFO] <KERNEL> Handling debug_request/debugInfo message
2023-04-11 10:35:28 [INFO] <KERNEL> Handling debug_request/debugInfo message
2023-04-11 10:36:23 [INFO] <KERNEL> Handling interrupt_request message
2023-04-11 10:36:24 [INFO] <KERNEL> Handling shutdown_request message
2023-04-11 10:36:24 [INFO] <KERNEL> Shell thread exiting normally.
2023-04-11 10:36:24 [INFO] <KERNEL> Stopping common-lisp kernel
2023-04-11 10:36:24 [INFO] <HB-CHANNEL> Stopping thread
2023-04-11 10:36:24 [INFO] <HB-CHANNEL> Stopping channel
2023-04-11 10:36:24 [INFO] <IOPUB-CHANNEL> Stopping channel
2023-04-11 10:36:24 [INFO] <SHELL-CHANNEL> Stopping channel
2023-04-11 10:36:24 [INFO] <STDIN-CHANNEL> Stopping channel
2023-04-11 10:36:24 [INFO] <CONTROL-CHANNEL> Stopping channel
2023-04-11 10:36:24 [INFO] <MAC> Stopping message authentification
2023-04-11 10:36:24 [INFO] <HISTORY> Stopping history
