2023-04-14 13:51:26 [INFO] <KERNEL> Starting common-lisp kernel
2023-04-14 13:51:26 [INFO] <KERNEL> Parsing connection file /home/jovyan/.local/share/jupyter/runtime/kernel-78fa0ed3-fa77-441f-983d-aa7c3dfc2f43.json
2023-04-14 13:51:26 [INFO] <MAC> Starting message authentification
2023-04-14 13:51:26 [INFO] <MAC> Using hmac with sha256 digest for message signing.
2023-04-14 13:51:26 [INFO] <HB-CHANNEL> Starting channel on tcp://127.0.0.1:56561
2023-04-14 13:51:26 [INFO] <IOPUB-CHANNEL> Starting channel on tcp://127.0.0.1:59381
2023-04-14 13:51:26 [INFO] <SHELL-CHANNEL> Starting channel on tcp://127.0.0.1:46343
2023-04-14 13:51:26 [INFO] <STDIN-CHANNEL> Starting channel on tcp://127.0.0.1:53583
2023-04-14 13:51:26 [INFO] <CONTROL-CHANNEL> Starting channel on tcp://127.0.0.1:35373
2023-04-14 13:51:26 [INFO] <HISTORY> Starting history
2023-04-14 13:51:26 [INFO] <HB-CHANNEL> Starting thread
2023-04-14 13:51:26 [INFO] <KERNEL> Loading CLHS map
2023-04-14 13:51:26 [INFO] <KERNEL> Handling kernel_info_request message
2023-04-14 13:51:26 [INFO] <KERNEL> Handling kernel_info_request message
2023-04-14 13:51:26 [INFO] <KERNEL> Handling kernel_info_request message
2023-04-14 13:51:26 [INFO] <KERNEL> Handling kernel_info_request message
2023-04-14 13:51:26 [INFO] <KERNEL> Handling kernel_info_request message
2023-04-14 13:51:26 [INFO] <KERNEL> Handling kernel_info_request message
2023-04-14 13:51:26 [INFO] <KERNEL> Handling kernel_info_request message
2023-04-14 13:51:26 [INFO] <KERNEL> Handling kernel_info_request message
2023-04-14 13:51:26 [INFO] <KERNEL> Handling kernel_info_request message
2023-04-14 13:51:26 [INFO] <KERNEL> Handling kernel_info_request message
2023-04-14 13:51:26 [INFO] <KERNEL> Handling debug_request/debugInfo message
2023-04-14 13:51:26 [INFO] <KERNEL> Handling debug_request/debugInfo message
2023-04-14 13:51:26 [INFO] <KERNEL> Handling debug_request/debugInfo message
2023-04-14 13:51:26 [INFO] <KERNEL> Handling debug_request/debugInfo message
2023-04-14 13:51:27 [INFO] <KERNEL> Handling execute_request message
2023-04-14 13:51:33 [INFO] <KERNEL> Handling execute_request message
2023-04-14 13:51:46 [INFO] <KERNEL> Handling debug_request/debugInfo message
2023-04-14 13:51:46 [INFO] <KERNEL> Handling debug_request/debugInfo message
2023-04-14 13:51:46 [INFO] <KERNEL> Handling debug_request/debugInfo message
2023-04-14 13:51:46 [INFO] <KERNEL> Handling debug_request/debugInfo message
2023-04-14 13:51:48 [INFO] <KERNEL> Handling debug_request/debugInfo message
2023-04-14 13:51:48 [INFO] <KERNEL> Handling debug_request/debugInfo message
2023-04-14 13:51:48 [INFO] <KERNEL> Handling debug_request/debugInfo message
2023-04-14 13:51:48 [INFO] <KERNEL> Handling debug_request/debugInfo message
2023-04-14 13:52:36 [INFO] <KERNEL> Handling debug_request/debugInfo message
2023-04-14 13:52:36 [INFO] <KERNEL> Handling debug_request/debugInfo message
2023-04-14 13:52:36 [INFO] <KERNEL> Handling debug_request/debugInfo message
2023-04-14 13:52:36 [INFO] <KERNEL> Handling debug_request/debugInfo message
2023-04-14 13:53:08 [INFO] <KERNEL> Handling debug_request/debugInfo message
2023-04-14 13:53:08 [INFO] <KERNEL> Handling debug_request/debugInfo message
2023-04-14 13:53:08 [INFO] <KERNEL> Handling debug_request/debugInfo message
2023-04-14 13:53:08 [INFO] <KERNEL> Handling debug_request/debugInfo message
2023-04-14 13:53:10 [INFO] <KERNEL> Handling execute_request message
2023-04-14 13:53:27 [INFO] <KERNEL> Handling interrupt_request message
2023-04-14 13:53:28 [INFO] <KERNEL> Handling shutdown_request message
2023-04-14 13:53:28 [INFO] <KERNEL> Shell thread exiting normally.
2023-04-14 13:53:28 [INFO] <KERNEL> Stopping common-lisp kernel
2023-04-14 13:53:28 [INFO] <HB-CHANNEL> Stopping thread
2023-04-14 13:53:28 [INFO] <HB-CHANNEL> Stopping channel
2023-04-14 13:53:28 [INFO] <IOPUB-CHANNEL> Stopping channel
2023-04-14 13:53:28 [INFO] <SHELL-CHANNEL> Stopping channel
2023-04-14 13:53:28 [INFO] <STDIN-CHANNEL> Stopping channel
2023-04-14 13:53:28 [INFO] <CONTROL-CHANNEL> Stopping channel
2023-04-14 13:53:28 [INFO] <MAC> Stopping message authentification
2023-04-14 13:53:28 [INFO] <HISTORY> Stopping history
