2023-04-12 07:41:27 [INFO] <KERNEL> Starting common-lisp kernel
2023-04-12 07:41:27 [INFO] <KERNEL> Parsing connection file /home/jovyan/.local/share/jupyter/runtime/kernel-9f99259a-c45a-41c1-b985-41fad41cf94f.json
2023-04-12 07:41:27 [INFO] <MAC> Starting message authentification
2023-04-12 07:41:27 [INFO] <MAC> Using hmac with sha256 digest for message signing.
2023-04-12 07:41:27 [INFO] <HB-CHANNEL> Starting channel on tcp://127.0.0.1:57493
2023-04-12 07:41:27 [INFO] <IOPUB-CHANNEL> Starting channel on tcp://127.0.0.1:33581
2023-04-12 07:41:27 [INFO] <SHELL-CHANNEL> Starting channel on tcp://127.0.0.1:37939
2023-04-12 07:41:27 [INFO] <STDIN-CHANNEL> Starting channel on tcp://127.0.0.1:54305
2023-04-12 07:41:27 [INFO] <CONTROL-CHANNEL> Starting channel on tcp://127.0.0.1:41899
2023-04-12 07:41:27 [INFO] <HISTORY> Starting history
2023-04-12 07:41:27 [INFO] <HB-CHANNEL> Starting thread
2023-04-12 07:41:27 [INFO] <KERNEL> Loading CLHS map
2023-04-12 07:41:27 [INFO] <KERNEL> Handling kernel_info_request message
2023-04-12 07:41:27 [INFO] <KERNEL> Handling kernel_info_request message
2023-04-12 07:41:27 [INFO] <KERNEL> Handling kernel_info_request message
2023-04-12 07:41:27 [INFO] <KERNEL> Handling kernel_info_request message
2023-04-12 07:41:27 [INFO] <KERNEL> Handling kernel_info_request message
2023-04-12 07:41:27 [INFO] <KERNEL> Handling kernel_info_request message
2023-04-12 07:41:27 [INFO] <KERNEL> Handling kernel_info_request message
2023-04-12 07:41:27 [INFO] <KERNEL> Handling kernel_info_request message
2023-04-12 07:41:27 [INFO] <KERNEL> Handling kernel_info_request message
2023-04-12 07:41:27 [INFO] <KERNEL> Handling kernel_info_request message
2023-04-12 07:41:39 [INFO] <KERNEL> Handling debug_request/debugInfo message
2023-04-12 07:41:39 [INFO] <KERNEL> Handling debug_request/debugInfo message
2023-04-12 07:41:39 [INFO] <KERNEL> Handling debug_request/debugInfo message
2023-04-12 07:41:39 [INFO] <KERNEL> Handling debug_request/debugInfo message
2023-04-12 07:44:22 [INFO] <KERNEL> Handling debug_request/debugInfo message
2023-04-12 07:44:22 [INFO] <KERNEL> Handling debug_request/debugInfo message
2023-04-12 07:44:22 [INFO] <KERNEL> Handling debug_request/debugInfo message
2023-04-12 07:44:22 [INFO] <KERNEL> Handling debug_request/debugInfo message
2023-04-12 07:44:24 [INFO] <KERNEL> Handling execute_request message
2023-04-12 07:45:34 [INFO] <KERNEL> Handling debug_request/debugInfo message
2023-04-12 07:45:34 [INFO] <KERNEL> Handling debug_request/debugInfo message
2023-04-12 07:45:34 [INFO] <KERNEL> Handling debug_request/debugInfo message
2023-04-12 07:45:34 [INFO] <KERNEL> Handling debug_request/debugInfo message
2023-04-12 07:47:06 [INFO] <KERNEL> Handling debug_request/debugInfo message
2023-04-12 07:47:06 [INFO] <KERNEL> Handling debug_request/debugInfo message
2023-04-12 07:47:06 [INFO] <KERNEL> Handling debug_request/debugInfo message
2023-04-12 07:47:06 [INFO] <KERNEL> Handling debug_request/debugInfo message
2023-04-12 08:01:11 [INFO] <KERNEL> Handling execute_request message
2023-04-12 08:01:20 [INFO] <KERNEL> Handling debug_request/debugInfo message
2023-04-12 08:01:20 [INFO] <KERNEL> Handling debug_request/debugInfo message
2023-04-12 08:01:20 [INFO] <KERNEL> Handling debug_request/debugInfo message
2023-04-12 08:01:20 [INFO] <KERNEL> Handling debug_request/debugInfo message
2023-04-12 08:01:34 [INFO] <KERNEL> Handling debug_request/debugInfo message
2023-04-12 08:01:34 [INFO] <KERNEL> Handling debug_request/debugInfo message
2023-04-12 08:01:34 [INFO] <KERNEL> Handling debug_request/debugInfo message
2023-04-12 08:01:34 [INFO] <KERNEL> Handling debug_request/debugInfo message
2023-04-12 08:01:36 [INFO] <KERNEL> Handling execute_request message
2023-04-12 08:05:20 [INFO] <KERNEL> Handling interrupt_request message
2023-04-12 08:05:21 [INFO] <KERNEL> Handling shutdown_request message
2023-04-12 08:05:21 [INFO] <KERNEL> Shell thread exiting normally.
2023-04-12 08:05:21 [INFO] <KERNEL> Stopping common-lisp kernel
2023-04-12 08:05:21 [INFO] <HB-CHANNEL> Stopping thread
2023-04-12 08:05:21 [INFO] <HB-CHANNEL> Stopping channel
2023-04-12 08:05:21 [INFO] <IOPUB-CHANNEL> Stopping channel
2023-04-12 08:05:21 [INFO] <SHELL-CHANNEL> Stopping channel
2023-04-12 08:05:21 [INFO] <STDIN-CHANNEL> Stopping channel
2023-04-12 08:05:21 [INFO] <CONTROL-CHANNEL> Stopping channel
2023-04-12 08:05:21 [INFO] <MAC> Stopping message authentification
2023-04-12 08:05:21 [INFO] <HISTORY> Stopping history
