2023-04-12 21:49:19 [INFO] <KERNEL> Starting common-lisp kernel
2023-04-12 21:49:19 [INFO] <KERNEL> Parsing connection file /home/jovyan/.local/share/jupyter/runtime/kernel-6f9a51f2-74a6-44ef-ae0d-38c645a0e950.json
2023-04-12 21:49:19 [INFO] <MAC> Starting message authentification
2023-04-12 21:49:19 [INFO] <MAC> Using hmac with sha256 digest for message signing.
2023-04-12 21:49:19 [INFO] <HB-CHANNEL> Starting channel on tcp://127.0.0.1:55811
2023-04-12 21:49:19 [INFO] <IOPUB-CHANNEL> Starting channel on tcp://127.0.0.1:34519
2023-04-12 21:49:19 [INFO] <SHELL-CHANNEL> Starting channel on tcp://127.0.0.1:40091
2023-04-12 21:49:19 [INFO] <STDIN-CHANNEL> Starting channel on tcp://127.0.0.1:59901
2023-04-12 21:49:19 [INFO] <CONTROL-CHANNEL> Starting channel on tcp://127.0.0.1:38341
2023-04-12 21:49:19 [INFO] <HISTORY> Starting history
2023-04-12 21:49:19 [INFO] <HB-CHANNEL> Starting thread
2023-04-12 21:49:19 [INFO] <KERNEL> Loading CLHS map
2023-04-12 21:49:19 [INFO] <KERNEL> Handling kernel_info_request message
2023-04-12 21:49:19 [INFO] <KERNEL> Handling kernel_info_request message
2023-04-12 21:49:19 [INFO] <KERNEL> Handling kernel_info_request message
2023-04-12 21:49:19 [INFO] <KERNEL> Handling kernel_info_request message
2023-04-12 21:49:19 [INFO] <KERNEL> Handling kernel_info_request message
2023-04-12 21:49:19 [INFO] <KERNEL> Handling kernel_info_request message
2023-04-12 21:49:19 [INFO] <KERNEL> Handling kernel_info_request message
2023-04-12 21:49:19 [INFO] <KERNEL> Handling kernel_info_request message
2023-04-12 21:49:19 [INFO] <KERNEL> Handling debug_request/debugInfo message
2023-04-12 21:49:19 [INFO] <KERNEL> Handling debug_request/debugInfo message
2023-04-12 21:49:19 [INFO] <KERNEL> Handling debug_request/debugInfo message
2023-04-12 21:49:19 [INFO] <KERNEL> Handling debug_request/debugInfo message
2023-04-12 21:49:20 [INFO] <KERNEL> Handling execute_request message
2023-04-12 21:49:29 [INFO] <KERNEL> Handling execute_request message
2023-04-12 21:50:03 [INFO] <KERNEL> Handling debug_request/debugInfo message
2023-04-12 21:50:03 [INFO] <KERNEL> Handling debug_request/debugInfo message
2023-04-12 21:50:03 [INFO] <KERNEL> Handling debug_request/debugInfo message
2023-04-12 21:50:03 [INFO] <KERNEL> Handling debug_request/debugInfo message
2023-04-12 21:53:38 [INFO] <KERNEL> Handling debug_request/debugInfo message
2023-04-12 21:53:38 [INFO] <KERNEL> Handling debug_request/debugInfo message
2023-04-12 21:53:38 [INFO] <KERNEL> Handling debug_request/debugInfo message
2023-04-12 21:53:38 [INFO] <KERNEL> Handling debug_request/debugInfo message
2023-04-12 21:53:50 [INFO] <KERNEL> Handling execute_request message
2023-04-12 21:53:54 [INFO] <KERNEL> Handling execute_request message
2023-04-13 06:36:05 [INFO] <KERNEL> Handling debug_request/debugInfo message
2023-04-13 06:36:06 [INFO] <KERNEL> Handling debug_request/debugInfo message
2023-04-13 06:36:06 [INFO] <KERNEL> Handling debug_request/debugInfo message
2023-04-13 06:36:06 [INFO] <KERNEL> Handling debug_request/debugInfo message
2023-04-13 06:38:52 [INFO] <KERNEL> Handling debug_request/debugInfo message
2023-04-13 06:38:52 [INFO] <KERNEL> Handling debug_request/debugInfo message
2023-04-13 06:38:52 [INFO] <KERNEL> Handling debug_request/debugInfo message
2023-04-13 06:38:52 [INFO] <KERNEL> Handling debug_request/debugInfo message
2023-04-13 06:38:54 [INFO] <KERNEL> Handling execute_request message
2023-04-13 06:45:05 [INFO] <KERNEL> Handling interrupt_request message
2023-04-13 06:45:06 [INFO] <KERNEL> Handling shutdown_request message
2023-04-13 06:45:06 [INFO] <KERNEL> Shell thread exiting normally.
2023-04-13 06:45:06 [INFO] <KERNEL> Stopping common-lisp kernel
2023-04-13 06:45:06 [INFO] <HB-CHANNEL> Stopping thread
2023-04-13 06:45:06 [INFO] <HB-CHANNEL> Stopping channel
2023-04-13 06:45:06 [INFO] <IOPUB-CHANNEL> Stopping channel
2023-04-13 06:45:06 [INFO] <SHELL-CHANNEL> Stopping channel
2023-04-13 06:45:06 [INFO] <STDIN-CHANNEL> Stopping channel
2023-04-13 06:45:06 [INFO] <CONTROL-CHANNEL> Stopping channel
2023-04-13 06:45:06 [INFO] <MAC> Stopping message authentification
2023-04-13 06:45:06 [INFO] <HISTORY> Stopping history
