2023-03-29 12:14:37 [INFO] <KERNEL> Starting common-lisp kernel
2023-03-29 12:14:37 [INFO] <KERNEL> Parsing connection file /root/.local/share/jupyter/runtime/kernel-65702a31-ccd0-4e1c-b90b-7c98c61a6dda.json
2023-03-29 12:14:37 [INFO] <MAC> Starting message authentification
2023-03-29 12:14:37 [INFO] <MAC> Using hmac with sha256 digest for message signing.
2023-03-29 12:14:37 [INFO] <HB-CHANNEL> Starting channel on tcp://127.0.0.1:54235
2023-03-29 12:14:37 [INFO] <IOPUB-CHANNEL> Starting channel on tcp://127.0.0.1:49187
2023-03-29 12:14:37 [INFO] <SHELL-CHANNEL> Starting channel on tcp://127.0.0.1:46265
2023-03-29 12:14:37 [INFO] <STDIN-CHANNEL> Starting channel on tcp://127.0.0.1:53367
2023-03-29 12:14:37 [INFO] <CONTROL-CHANNEL> Starting channel on tcp://127.0.0.1:53727
2023-03-29 12:14:37 [INFO] <HISTORY> Starting history
2023-03-29 12:14:37 [INFO] <HB-CHANNEL> Starting thread
2023-03-29 12:14:37 [INFO] <KERNEL> Loading CLHS map
2023-03-29 12:14:38 [INFO] <KERNEL> Handling kernel_info_request message
2023-03-29 12:14:38 [INFO] <KERNEL> Handling kernel_info_request message
2023-03-29 12:14:38 [INFO] <KERNEL> Handling kernel_info_request message
2023-03-29 12:14:38 [INFO] <KERNEL> Handling kernel_info_request message
2023-03-29 12:14:38 [INFO] <KERNEL> Handling kernel_info_request message
2023-03-29 12:14:38 [INFO] <KERNEL> Handling kernel_info_request message
2023-03-29 12:14:38 [INFO] <KERNEL> Handling kernel_info_request message
2023-03-29 12:14:38 [INFO] <KERNEL> Handling kernel_info_request message
2023-03-29 12:14:38 [INFO] <KERNEL> Handling kernel_info_request message
2023-03-29 12:14:38 [INFO] <KERNEL> Handling kernel_info_request message
2023-03-29 12:14:38 [INFO] <KERNEL> Handling debug_request/debugInfo message
2023-03-29 12:14:38 [INFO] <KERNEL> Handling debug_request/debugInfo message
2023-03-29 12:14:38 [INFO] <KERNEL> Handling debug_request/debugInfo message
2023-03-29 12:14:38 [INFO] <KERNEL> Handling debug_request/debugInfo message
2023-03-29 12:14:43 [INFO] <KERNEL> Handling execute_request message
2023-03-29 12:15:19 [INFO] <KERNEL> Handling execute_request message
2023-03-29 12:16:36 [INFO] <KERNEL> Handling execute_request message
2023-03-29 12:16:52 [INFO] <KERNEL> Handling execute_request message
