2023-04-12 08:14:11 [INFO] <KERNEL> Starting common-lisp kernel
2023-04-12 08:14:11 [INFO] <KERNEL> Parsing connection file /home/jovyan/.local/share/jupyter/runtime/kernel-442afa7a-b946-4d06-9d9f-e6929e2f6dbe.json
2023-04-12 08:14:11 [INFO] <MAC> Starting message authentification
2023-04-12 08:14:11 [INFO] <MAC> Using hmac with sha256 digest for message signing.
2023-04-12 08:14:11 [INFO] <HB-CHANNEL> Starting channel on tcp://127.0.0.1:45621
2023-04-12 08:14:11 [INFO] <IOPUB-CHANNEL> Starting channel on tcp://127.0.0.1:45893
2023-04-12 08:14:11 [INFO] <SHELL-CHANNEL> Starting channel on tcp://127.0.0.1:53983
2023-04-12 08:14:11 [INFO] <STDIN-CHANNEL> Starting channel on tcp://127.0.0.1:48381
2023-04-12 08:14:11 [INFO] <CONTROL-CHANNEL> Starting channel on tcp://127.0.0.1:47153
2023-04-12 08:14:11 [INFO] <HISTORY> Starting history
2023-04-12 08:14:11 [INFO] <HB-CHANNEL> Starting thread
2023-04-12 08:14:11 [INFO] <KERNEL> Loading CLHS map
2023-04-12 08:14:11 [INFO] <KERNEL> Handling kernel_info_request message
2023-04-12 08:14:11 [INFO] <KERNEL> Handling kernel_info_request message
2023-04-12 08:14:11 [INFO] <KERNEL> Handling kernel_info_request message
2023-04-12 08:14:11 [INFO] <KERNEL> Handling kernel_info_request message
2023-04-12 08:14:11 [INFO] <KERNEL> Handling kernel_info_request message
2023-04-12 08:14:11 [INFO] <KERNEL> Handling kernel_info_request message
2023-04-12 08:14:11 [INFO] <KERNEL> Handling debug_request/debugInfo message
2023-04-12 08:14:11 [INFO] <KERNEL> Handling kernel_info_request message
2023-04-12 08:14:11 [INFO] <KERNEL> Handling kernel_info_request message
2023-04-12 08:14:11 [INFO] <KERNEL> Handling debug_request/debugInfo message
2023-04-12 08:14:11 [INFO] <KERNEL> Handling debug_request/debugInfo message
2023-04-12 08:14:11 [INFO] <KERNEL> Handling debug_request/debugInfo message
2023-04-12 08:14:21 [INFO] <KERNEL> Handling execute_request message
2023-04-12 08:15:16 [INFO] <KERNEL> Handling debug_request/debugInfo message
2023-04-12 08:15:16 [INFO] <KERNEL> Handling debug_request/debugInfo message
2023-04-12 08:15:16 [INFO] <KERNEL> Handling debug_request/debugInfo message
2023-04-12 08:15:16 [INFO] <KERNEL> Handling debug_request/debugInfo message
2023-04-12 08:30:50 [INFO] <KERNEL> Handling debug_request/debugInfo message
2023-04-12 08:30:50 [INFO] <KERNEL> Handling debug_request/debugInfo message
2023-04-12 08:30:50 [INFO] <KERNEL> Handling debug_request/debugInfo message
2023-04-12 08:30:50 [INFO] <KERNEL> Handling debug_request/debugInfo message
2023-04-12 08:35:55 [INFO] <KERNEL> Handling debug_request/debugInfo message
2023-04-12 08:35:55 [INFO] <KERNEL> Handling debug_request/debugInfo message
2023-04-12 08:35:55 [INFO] <KERNEL> Handling debug_request/debugInfo message
2023-04-12 08:35:55 [INFO] <KERNEL> Handling debug_request/debugInfo message
2023-04-12 08:41:38 [INFO] <KERNEL> Handling debug_request/debugInfo message
2023-04-12 08:41:39 [INFO] <KERNEL> Handling debug_request/debugInfo message
2023-04-12 08:41:39 [INFO] <KERNEL> Handling debug_request/debugInfo message
2023-04-12 08:41:39 [INFO] <KERNEL> Handling debug_request/debugInfo message
2023-04-12 08:41:40 [INFO] <KERNEL> Handling execute_request message
2023-04-12 08:42:49 [INFO] <KERNEL> Handling debug_request/debugInfo message
2023-04-12 08:42:49 [INFO] <KERNEL> Handling debug_request/debugInfo message
2023-04-12 08:42:49 [INFO] <KERNEL> Handling debug_request/debugInfo message
2023-04-12 08:42:49 [INFO] <KERNEL> Handling debug_request/debugInfo message
2023-04-12 08:42:50 [INFO] <KERNEL> Handling execute_request message
2023-04-12 08:43:03 [INFO] <KERNEL> Handling debug_request/debugInfo message
2023-04-12 08:43:03 [INFO] <KERNEL> Handling debug_request/debugInfo message
2023-04-12 08:43:03 [INFO] <KERNEL> Handling debug_request/debugInfo message
2023-04-12 08:43:03 [INFO] <KERNEL> Handling debug_request/debugInfo message
2023-04-12 08:46:20 [INFO] <KERNEL> Handling execute_request message
2023-04-12 08:49:23 [INFO] <KERNEL> Handling debug_request/debugInfo message
2023-04-12 08:49:23 [INFO] <KERNEL> Handling debug_request/debugInfo message
2023-04-12 08:49:23 [INFO] <KERNEL> Handling debug_request/debugInfo message
2023-04-12 08:49:23 [INFO] <KERNEL> Handling debug_request/debugInfo message
2023-04-12 08:51:22 [INFO] <KERNEL> Handling debug_request/debugInfo message
2023-04-12 08:51:22 [INFO] <KERNEL> Handling debug_request/debugInfo message
2023-04-12 08:51:22 [INFO] <KERNEL> Handling debug_request/debugInfo message
2023-04-12 08:51:22 [INFO] <KERNEL> Handling debug_request/debugInfo message
2023-04-12 08:52:36 [INFO] <KERNEL> Handling debug_request/debugInfo message
2023-04-12 08:52:36 [INFO] <KERNEL> Handling debug_request/debugInfo message
2023-04-12 08:52:36 [INFO] <KERNEL> Handling debug_request/debugInfo message
2023-04-12 08:52:36 [INFO] <KERNEL> Handling debug_request/debugInfo message
2023-04-12 08:52:55 [INFO] <KERNEL> Handling debug_request/debugInfo message
2023-04-12 08:52:56 [INFO] <KERNEL> Handling debug_request/debugInfo message
2023-04-12 08:52:56 [INFO] <KERNEL> Handling debug_request/debugInfo message
2023-04-12 08:52:56 [INFO] <KERNEL> Handling debug_request/debugInfo message
2023-04-12 08:54:00 [INFO] <KERNEL> Handling debug_request/debugInfo message
2023-04-12 08:54:00 [INFO] <KERNEL> Handling debug_request/debugInfo message
2023-04-12 08:54:00 [INFO] <KERNEL> Handling debug_request/debugInfo message
2023-04-12 08:54:00 [INFO] <KERNEL> Handling debug_request/debugInfo message
2023-04-12 08:56:51 [INFO] <KERNEL> Handling debug_request/debugInfo message
2023-04-12 08:56:51 [INFO] <KERNEL> Handling debug_request/debugInfo message
2023-04-12 08:56:51 [INFO] <KERNEL> Handling debug_request/debugInfo message
2023-04-12 08:56:51 [INFO] <KERNEL> Handling debug_request/debugInfo message
2023-04-12 09:03:06 [INFO] <KERNEL> Handling debug_request/debugInfo message
2023-04-12 09:03:06 [INFO] <KERNEL> Handling debug_request/debugInfo message
2023-04-12 09:03:06 [INFO] <KERNEL> Handling debug_request/debugInfo message
2023-04-12 09:03:06 [INFO] <KERNEL> Handling debug_request/debugInfo message
2023-04-12 09:04:01 [INFO] <KERNEL> Handling interrupt_request message
