2023-04-14 13:22:55 [INFO] <KERNEL> Starting common-lisp kernel
2023-04-14 13:22:55 [INFO] <KERNEL> Parsing connection file /root/.local/share/jupyter/runtime/kernel-8931e1c7-e37a-4770-9659-abc5e704b996.json
2023-04-14 13:22:55 [INFO] <MAC> Starting message authentification
2023-04-14 13:22:55 [INFO] <MAC> Using hmac with sha256 digest for message signing.
2023-04-14 13:22:55 [INFO] <HB-CHANNEL> Starting channel on tcp://127.0.0.1:32943
2023-04-14 13:22:55 [INFO] <IOPUB-CHANNEL> Starting channel on tcp://127.0.0.1:54689
2023-04-14 13:22:55 [INFO] <SHELL-CHANNEL> Starting channel on tcp://127.0.0.1:40335
2023-04-14 13:22:55 [INFO] <STDIN-CHANNEL> Starting channel on tcp://127.0.0.1:58323
2023-04-14 13:22:55 [INFO] <CONTROL-CHANNEL> Starting channel on tcp://127.0.0.1:59679
2023-04-14 13:22:55 [INFO] <HISTORY> Starting history
2023-04-14 13:22:55 [INFO] <HB-CHANNEL> Starting thread
2023-04-14 13:22:55 [INFO] <KERNEL> Loading CLHS map
2023-04-14 13:22:55 [INFO] <KERNEL> Handling kernel_info_request message
2023-04-14 13:22:55 [INFO] <KERNEL> Handling kernel_info_request message
2023-04-14 13:22:55 [INFO] <KERNEL> Handling kernel_info_request message
2023-04-14 13:22:55 [INFO] <KERNEL> Handling kernel_info_request message
2023-04-14 13:22:55 [INFO] <KERNEL> Handling kernel_info_request message
2023-04-14 13:22:55 [INFO] <KERNEL> Handling kernel_info_request message
2023-04-14 13:22:55 [INFO] <KERNEL> Handling kernel_info_request message
2023-04-14 13:22:55 [INFO] <KERNEL> Handling kernel_info_request message
2023-04-14 13:22:55 [INFO] <KERNEL> Handling debug_request/debugInfo message
2023-04-14 13:22:55 [INFO] <KERNEL> Handling debug_request/debugInfo message
2023-04-14 13:22:55 [INFO] <KERNEL> Handling debug_request/debugInfo message
2023-04-14 13:22:55 [INFO] <KERNEL> Handling debug_request/debugInfo message
2023-04-14 13:22:56 [INFO] <KERNEL> Handling execute_request message
2023-04-14 13:23:03 [INFO] <KERNEL> Handling execute_request message
2023-04-14 13:24:00 [INFO] <KERNEL> Handling execute_request message
2023-04-14 13:44:41 [INFO] <KERNEL> Handling execute_request message
2023-04-14 13:45:17 [INFO] <KERNEL> Handling execute_request message
2023-04-14 13:45:35 [INFO] <KERNEL> Handling execute_request message
2023-04-14 13:46:35 [INFO] <KERNEL> Handling execute_request message
2023-04-14 13:46:58 [INFO] <KERNEL> Handling execute_request message
2023-04-14 13:47:04 [INFO] <KERNEL> Handling execute_request message
2023-04-14 13:47:21 [INFO] <KERNEL> Handling execute_request message
