2023-04-16 08:41:22 [INFO] <KERNEL> Starting common-lisp kernel
2023-04-16 08:41:22 [INFO] <KERNEL> Parsing connection file /home/jovyan/.local/share/jupyter/runtime/kernel-61c97aa8-7a0c-459f-a085-e70ead3e44df.json
2023-04-16 08:41:22 [INFO] <MAC> Starting message authentification
2023-04-16 08:41:22 [INFO] <MAC> Using hmac with sha256 digest for message signing.
2023-04-16 08:41:22 [INFO] <HB-CHANNEL> Starting channel on tcp://127.0.0.1:42065
2023-04-16 08:41:22 [INFO] <IOPUB-CHANNEL> Starting channel on tcp://127.0.0.1:55763
2023-04-16 08:41:22 [INFO] <SHELL-CHANNEL> Starting channel on tcp://127.0.0.1:39903
2023-04-16 08:41:22 [INFO] <STDIN-CHANNEL> Starting channel on tcp://127.0.0.1:37621
2023-04-16 08:41:22 [INFO] <CONTROL-CHANNEL> Starting channel on tcp://127.0.0.1:55963
2023-04-16 08:41:22 [INFO] <HISTORY> Starting history
2023-04-16 08:41:22 [INFO] <HB-CHANNEL> Starting thread
2023-04-16 08:41:22 [INFO] <KERNEL> Loading CLHS map
2023-04-16 08:41:23 [INFO] <KERNEL> Handling kernel_info_request message
2023-04-16 08:41:23 [INFO] <KERNEL> Handling kernel_info_request message
2023-04-16 08:41:23 [INFO] <KERNEL> Handling kernel_info_request message
2023-04-16 08:41:23 [INFO] <KERNEL> Handling kernel_info_request message
2023-04-16 08:41:23 [INFO] <KERNEL> Handling kernel_info_request message
2023-04-16 08:41:23 [INFO] <KERNEL> Handling kernel_info_request message
2023-04-16 08:41:23 [INFO] <KERNEL> Handling kernel_info_request message
2023-04-16 08:41:23 [INFO] <KERNEL> Handling kernel_info_request message
2023-04-16 08:41:23 [INFO] <KERNEL> Handling kernel_info_request message
2023-04-16 08:41:23 [INFO] <KERNEL> Handling kernel_info_request message
2023-04-16 08:41:23 [INFO] <KERNEL> Handling debug_request/debugInfo message
2023-04-16 08:41:23 [INFO] <KERNEL> Handling debug_request/debugInfo message
2023-04-16 08:41:23 [INFO] <KERNEL> Handling debug_request/debugInfo message
2023-04-16 08:41:23 [INFO] <KERNEL> Handling debug_request/debugInfo message
2023-04-16 08:41:24 [INFO] <KERNEL> Handling execute_request message
2023-04-16 08:41:31 [INFO] <KERNEL> Handling execute_request message
2023-04-16 08:42:05 [INFO] <KERNEL> Handling execute_request message
2023-04-16 08:42:15 [INFO] <KERNEL> Handling execute_request message
2023-04-16 08:42:26 [INFO] <KERNEL> Handling execute_request message
2023-04-16 08:42:44 [INFO] <KERNEL> Handling execute_request message
2023-04-16 08:42:59 [INFO] <KERNEL> Handling execute_request message
