2023-04-11 10:45:33 [INFO] <KERNEL> Starting common-lisp kernel
2023-04-11 10:45:33 [INFO] <KERNEL> Parsing connection file /home/jovyan/.local/share/jupyter/runtime/kernel-0827ca5a-c8a4-45d3-aef2-b0c256fe2fa8.json
2023-04-11 10:45:33 [INFO] <MAC> Starting message authentification
2023-04-11 10:45:33 [INFO] <MAC> Using hmac with sha256 digest for message signing.
2023-04-11 10:45:33 [INFO] <HB-CHANNEL> Starting channel on tcp://127.0.0.1:45149
2023-04-11 10:45:33 [INFO] <IOPUB-CHANNEL> Starting channel on tcp://127.0.0.1:49285
2023-04-11 10:45:33 [INFO] <SHELL-CHANNEL> Starting channel on tcp://127.0.0.1:43161
2023-04-11 10:45:33 [INFO] <STDIN-CHANNEL> Starting channel on tcp://127.0.0.1:35967
2023-04-11 10:45:33 [INFO] <CONTROL-CHANNEL> Starting channel on tcp://127.0.0.1:49589
2023-04-11 10:45:33 [INFO] <HISTORY> Starting history
2023-04-11 10:45:33 [INFO] <HB-CHANNEL> Starting thread
2023-04-11 10:45:33 [INFO] <KERNEL> Loading CLHS map
2023-04-11 10:45:33 [INFO] <KERNEL> Handling kernel_info_request message
2023-04-11 10:45:33 [INFO] <KERNEL> Handling kernel_info_request message
2023-04-11 10:45:33 [INFO] <KERNEL> Handling kernel_info_request message
2023-04-11 10:45:33 [INFO] <KERNEL> Handling kernel_info_request message
2023-04-11 10:45:33 [INFO] <KERNEL> Handling kernel_info_request message
2023-04-11 10:45:33 [INFO] <KERNEL> Handling kernel_info_request message
2023-04-11 10:45:33 [INFO] <KERNEL> Handling kernel_info_request message
2023-04-11 10:45:33 [INFO] <KERNEL> Handling kernel_info_request message
2023-04-11 10:45:33 [INFO] <KERNEL> Handling kernel_info_request message
2023-04-11 10:45:33 [INFO] <KERNEL> Handling kernel_info_request message
2023-04-11 10:45:33 [INFO] <KERNEL> Handling debug_request/debugInfo message
2023-04-11 10:45:33 [INFO] <KERNEL> Handling debug_request/debugInfo message
2023-04-11 10:45:33 [INFO] <KERNEL> Handling debug_request/debugInfo message
2023-04-11 10:45:33 [INFO] <KERNEL> Handling debug_request/debugInfo message
2023-04-11 10:45:37 [INFO] <KERNEL> Handling execute_request message
2023-04-11 10:45:55 [INFO] <KERNEL> Handling execute_request message
2023-04-11 10:46:01 [INFO] <KERNEL> Handling execute_request message
2023-04-11 10:46:15 [INFO] <KERNEL> Handling debug_request/debugInfo message
2023-04-11 10:46:15 [INFO] <KERNEL> Handling debug_request/debugInfo message
2023-04-11 10:46:15 [INFO] <KERNEL> Handling debug_request/debugInfo message
2023-04-11 10:46:15 [INFO] <KERNEL> Handling debug_request/debugInfo message
2023-04-11 11:01:46 [INFO] <KERNEL> Handling debug_request/debugInfo message
2023-04-11 11:01:46 [INFO] <KERNEL> Handling debug_request/debugInfo message
2023-04-11 11:01:46 [INFO] <KERNEL> Handling debug_request/debugInfo message
2023-04-11 11:01:46 [INFO] <KERNEL> Handling debug_request/debugInfo message
2023-04-11 11:01:47 [INFO] <KERNEL> Handling execute_request message
2023-04-11 11:02:40 [INFO] <KERNEL> Handling debug_request/debugInfo message
2023-04-11 11:02:40 [INFO] <KERNEL> Handling debug_request/debugInfo message
2023-04-11 11:02:40 [INFO] <KERNEL> Handling debug_request/debugInfo message
2023-04-11 11:02:40 [INFO] <KERNEL> Handling debug_request/debugInfo message
2023-04-11 11:02:56 [INFO] <KERNEL> Handling execute_request message
2023-04-11 11:04:43 [INFO] <KERNEL> Handling execute_request message
2023-04-11 11:13:01 [INFO] <KERNEL> Handling interrupt_request message
2023-04-11 11:13:02 [INFO] <KERNEL> Handling shutdown_request message
2023-04-11 11:13:02 [INFO] <KERNEL> Shell thread exiting normally.
2023-04-11 11:13:02 [INFO] <KERNEL> Stopping common-lisp kernel
2023-04-11 11:13:02 [INFO] <HB-CHANNEL> Stopping thread
2023-04-11 11:13:02 [INFO] <HB-CHANNEL> Stopping channel
2023-04-11 11:13:02 [INFO] <IOPUB-CHANNEL> Stopping channel
2023-04-11 11:13:02 [INFO] <SHELL-CHANNEL> Stopping channel
2023-04-11 11:13:02 [INFO] <STDIN-CHANNEL> Stopping channel
2023-04-11 11:13:02 [INFO] <CONTROL-CHANNEL> Stopping channel
2023-04-11 11:13:02 [INFO] <MAC> Stopping message authentification
2023-04-11 11:13:02 [INFO] <HISTORY> Stopping history
