2023-04-12 09:23:34 [INFO] <KERNEL> Starting common-lisp kernel
2023-04-12 09:23:34 [INFO] <KERNEL> Parsing connection file /home/jovyan/.local/share/jupyter/runtime/kernel-a6170c3e-9eda-44a4-af7d-94d4b9b635d7.json
2023-04-12 09:23:34 [INFO] <MAC> Starting message authentification
2023-04-12 09:23:34 [INFO] <MAC> Using hmac with sha256 digest for message signing.
2023-04-12 09:23:34 [INFO] <HB-CHANNEL> Starting channel on tcp://127.0.0.1:57739
2023-04-12 09:23:34 [INFO] <IOPUB-CHANNEL> Starting channel on tcp://127.0.0.1:33697
2023-04-12 09:23:34 [INFO] <SHELL-CHANNEL> Starting channel on tcp://127.0.0.1:54983
2023-04-12 09:23:34 [INFO] <STDIN-CHANNEL> Starting channel on tcp://127.0.0.1:52683
2023-04-12 09:23:34 [INFO] <CONTROL-CHANNEL> Starting channel on tcp://127.0.0.1:53865
2023-04-12 09:23:34 [INFO] <HISTORY> Starting history
2023-04-12 09:23:34 [INFO] <HB-CHANNEL> Starting thread
2023-04-12 09:23:34 [INFO] <KERNEL> Loading CLHS map
2023-04-12 09:24:12 [INFO] <KERNEL> Handling interrupt_request message
2023-04-12 09:24:13 [INFO] <KERNEL> Handling interrupt_request message
2023-04-12 09:24:14 [INFO] <KERNEL> Handling interrupt_request message
2023-04-12 09:24:15 [INFO] <KERNEL> Handling interrupt_request message
2023-04-12 09:24:22 [INFO] <KERNEL> Handling interrupt_request message
2023-04-12 09:24:23 [INFO] <KERNEL> Handling shutdown_request message
2023-04-12 09:24:23 [INFO] <KERNEL> Shell thread exiting normally.
2023-04-12 09:24:23 [INFO] <KERNEL> Stopping common-lisp kernel
2023-04-12 09:24:23 [INFO] <HB-CHANNEL> Stopping thread
2023-04-12 09:24:23 [INFO] <HB-CHANNEL> Stopping channel
2023-04-12 09:24:23 [INFO] <IOPUB-CHANNEL> Stopping channel
2023-04-12 09:24:23 [INFO] <SHELL-CHANNEL> Stopping channel
2023-04-12 09:24:23 [INFO] <STDIN-CHANNEL> Stopping channel
2023-04-12 09:24:23 [INFO] <CONTROL-CHANNEL> Stopping channel
2023-04-12 09:24:23 [INFO] <MAC> Stopping message authentification
2023-04-12 09:24:23 [INFO] <HISTORY> Stopping history
